# JRE version: Java(TM) SE Runtime Environment (8.0_231-b11) (build 1.8.0_231-b11)
# Java VM: Java HotSpot(TM) 64-Bit Server VM (25.231-b11 mixed mode windows-amd64 compressed oops)
Heap:
 PSYoungGen      total 7168K, used 1536K [0x00000000eab00000, 0x00000000eb800000, 0x0000000100000000)
  eden space 1536K, 100% used [0x00000000eab00000,0x00000000eac80000,0x00000000eac80000)
  from space 5632K, 0% used [0x00000000eb200000,0x00000000eb200000,0x00000000eb780000)
  to   space 5632K, 0% used [0x00000000eac80000,0x00000000eac80000,0x00000000eb200000)
 ParOldGen       total 699392K, used 699391K [0x00000000c0000000, 0x00000000eab00000, 0x00000000eab00000)
  object space 699392K, 99% used [0x00000000c0000000,0x00000000eaaffff8,0x00000000eab00000)
 Metaspace       used 20832K, capacity 21208K, committed 21552K, reserved 1069056K
  class space    used 1711K, capacity 1868K, committed 1920K, reserved 1048576K
GC Heap History (10 events):
Event: 379.488 GC heap before
{Heap before GC invocations=1106 (full 732):
 PSYoungGen      total 7168K, used 1536K [0x00000000eab00000, 0x00000000eb800000, 0x0000000100000000)
  eden space 1536K, 100% used [0x00000000eab00000,0x00000000eac80000,0x00000000eac80000)
  from space 5632K, 0% used [0x00000000eb200000,0x00000000eb200000,0x00000000eb780000)
  to   space 5632K, 0% used [0x00000000eac80000,0x00000000eac80000,0x00000000eb200000)
 ParOldGen       total 699392K, used 699391K [0x00000000c0000000, 0x00000000eab00000, 0x00000000eab00000)
  object space 699392K, 99% used [0x00000000c0000000,0x00000000eaaffde8,0x00000000eab00000)
 Metaspace       used 20831K, capacity 21208K, committed 21552K, reserved 1069056K
  class space    used 1711K, capacity 1868K, committed 1920K, reserved 1048576K
Event: 379.501 GC heap after
Heap after GC invocations=1106 (full 732):
 PSYoungGen      total 7168K, used 1534K [0x00000000eab00000, 0x00000000eb800000, 0x0000000100000000)
  eden space 1536K, 99% used [0x00000000eab00000,0x00000000eac7f9b0,0x00000000eac80000)
  from space 5632K, 0% used [0x00000000eb200000,0x00000000eb200000,0x00000000eb780000)
  to   space 5632K, 0% used [0x00000000eac80000,0x00000000eac80000,0x00000000eb200000)
 ParOldGen       total 699392K, used 699391K [0x00000000c0000000, 0x00000000eab00000, 0x00000000eab00000)
  object space 699392K, 99% used [0x00000000c0000000,0x00000000eaaffde8,0x00000000eab00000)
 Metaspace       used 20831K, capacity 21208K, committed 21552K, reserved 1069056K
  class space    used 1711K, capacity 1868K, committed 1920K, reserved 1048576K
}
Event: 379.502 GC heap before
{Heap before GC invocations=1107 (full 733):
 PSYoungGen      total 7168K, used 1536K [0x00000000eab00000, 0x00000000eb800000, 0x0000000100000000)
  eden space 1536K, 100% used [0x00000000eab00000,0x00000000eac80000,0x00000000eac80000)
  from space 5632K, 0% used [0x00000000eb200000,0x00000000eb200000,0x00000000eb780000)
  to   space 5632K, 0% used [0x00000000eac80000,0x00000000eac80000,0x00000000eb200000)
 ParOldGen       total 699392K, used 699391K [0x00000000c0000000, 0x00000000eab00000, 0x00000000eab00000)
  object space 699392K, 99% used [0x00000000c0000000,0x00000000eaaffde8,0x00000000eab00000)
 Metaspace       used 20831K, capacity 21208K, committed 21552K, reserved 1069056K
  class space    used 1711K, capacity 1868K, committed 1920K, reserved 1048576K
Event: 379.516 GC heap after
Heap after GC invocations=1107 (full 733):
 PSYoungGen      total 7168K, used 1534K [0x00000000eab00000, 0x00000000eb800000, 0x0000000100000000)
  eden space 1536K, 99% used [0x00000000eab00000,0x00000000eac7fa00,0x00000000eac80000)
  from space 5632K, 0% used [0x00000000eb200000,0x00000000eb200000,0x00000000eb780000)
  to   space 5632K, 0% used [0x00000000eac80000,0x00000000eac80000,0x00000000eb200000)
 ParOldGen       total 699392K, used 699391K [0x00000000c0000000, 0x00000000eab00000, 0x00000000eab00000)
  object space 699392K, 99% used [0x00000000c0000000,0x00000000eaaffde8,0x00000000eab00000)
 Metaspace       used 20831K, capacity 21208K, committed 21552K, reserved 1069056K
  class space    used 1711K, capacity 1868K, committed 1920K, reserved 1048576K
}
Event: 379.516 GC heap before
{Heap before GC invocations=1108 (full 734):
 PSYoungGen      total 7168K, used 1536K [0x00000000eab00000, 0x00000000eb800000, 0x0000000100000000)
  eden space 1536K, 100% used [0x00000000eab00000,0x00000000eac80000,0x00000000eac80000)
  from space 5632K, 0% used [0x00000000eb200000,0x00000000eb200000,0x00000000eb780000)
  to   space 5632K, 0% used [0x00000000eac80000,0x00000000eac80000,0x00000000eb200000)
 ParOldGen       total 699392K, used 699391K [0x00000000c0000000, 0x00000000eab00000, 0x00000000eab00000)
  object space 699392K, 99% used [0x00000000c0000000,0x00000000eaaffde8,0x00000000eab00000)
 Metaspace       used 20832K, capacity 21208K, committed 21552K, reserved 1069056K
  class space    used 1711K, capacity 1868K, committed 1920K, reserved 1048576K
Event: 379.530 GC heap after
Heap after GC invocations=1108 (full 734):
 PSYoungGen      total 7168K, used 1534K [0x00000000eab00000, 0x00000000eb800000, 0x0000000100000000)
  eden space 1536K, 99% used [0x00000000eab00000,0x00000000eac7fbc0,0x00000000eac80000)
  from space 5632K, 0% used [0x00000000eb200000,0x00000000eb200000,0x00000000eb780000)
  to   space 5632K, 0% used [0x00000000eac80000,0x00000000eac80000,0x00000000eb200000)
 ParOldGen       total 699392K, used 699391K [0x00000000c0000000, 0x00000000eab00000, 0x00000000eab00000)
  object space 699392K, 99% used [0x00000000c0000000,0x00000000eaaffd98,0x00000000eab00000)
 Metaspace       used 20832K, capacity 21208K, committed 21552K, reserved 1069056K
  class space    used 1711K, capacity 1868K, committed 1920K, reserved 1048576K
}
Event: 379.530 GC heap before
{Heap before GC invocations=1109 (full 735):
 PSYoungGen      total 7168K, used 1536K [0x00000000eab00000, 0x00000000eb800000, 0x0000000100000000)
  eden space 1536K, 100% used [0x00000000eab00000,0x00000000eac80000,0x00000000eac80000)
  from space 5632K, 0% used [0x00000000eb200000,0x00000000eb200000,0x00000000eb780000)
  to   space 5632K, 0% used [0x00000000eac80000,0x00000000eac80000,0x00000000eb200000)
 ParOldGen       total 699392K, used 699391K [0x00000000c0000000, 0x00000000eab00000, 0x00000000eab00000)
  object space 699392K, 99% used [0x00000000c0000000,0x00000000eaaffd98,0x00000000eab00000)
 Metaspace       used 20832K, capacity 21208K, committed 21552K, reserved 1069056K
  class space    used 1711K, capacity 1868K, committed 1920K, reserved 1048576K
Event: 379.544 GC heap after
Heap after GC invocations=1109 (full 735):
 PSYoungGen      total 7168K, used 1535K [0x00000000eab00000, 0x00000000eb800000, 0x0000000100000000)
  eden space 1536K, 99% used [0x00000000eab00000,0x00000000eac7fc10,0x00000000eac80000)
  from space 5632K, 0% used [0x00000000eb200000,0x00000000eb200000,0x00000000eb780000)
  to   space 5632K, 0% used [0x00000000eac80000,0x00000000eac80000,0x00000000eb200000)
 ParOldGen       total 699392K, used 699391K [0x00000000c0000000, 0x00000000eab00000, 0x00000000eab00000)
  object space 699392K, 99% used [0x00000000c0000000,0x00000000eaaffd98,0x00000000eab00000)
 Metaspace       used 20832K, capacity 21208K, committed 21552K, reserved 1069056K
  class space    used 1711K, capacity 1868K, committed 1920K, reserved 1048576K
}
Event: 379.544 GC heap before
{Heap before GC invocations=1110 (full 736):
 PSYoungGen      total 7168K, used 1535K [0x00000000eab00000, 0x00000000eb800000, 0x0000000100000000)
  eden space 1536K, 99% used [0x00000000eab00000,0x00000000eac7fc10,0x00000000eac80000)
  from space 5632K, 0% used [0x00000000eb200000,0x00000000eb200000,0x00000000eb780000)
  to   space 5632K, 0% used [0x00000000eac80000,0x00000000eac80000,0x00000000eb200000)
 ParOldGen       total 699392K, used 699391K [0x00000000c0000000, 0x00000000eab00000, 0x00000000eab00000)
  object space 699392K, 99% used [0x00000000c0000000,0x00000000eaaffd98,0x00000000eab00000)
 Metaspace       used 20832K, capacity 21208K, committed 21552K, reserved 1069056K
  class space    used 1711K, capacity 1868K, committed 1920K, reserved 1048576K
Event: 379.559 GC heap after
Heap after GC invocations=1110 (full 736):
 PSYoungGen      total 7168K, used 1535K [0x00000000eab00000, 0x00000000eb800000, 0x0000000100000000)
  eden space 1536K, 99% used [0x00000000eab00000,0x00000000eac7fc10,0x00000000eac80000)
  from space 5632K, 0% used [0x00000000eb200000,0x00000000eb200000,0x00000000eb780000)
  to   space 5632K, 0% used [0x00000000eac80000,0x00000000eac80000,0x00000000eb200000)
 ParOldGen       total 699392K, used 699391K [0x00000000c0000000, 0x00000000eab00000, 0x00000000eab00000)
  object space 699392K, 99% used [0x00000000c0000000,0x00000000eaaffd98,0x00000000eab00000)
 Metaspace       used 20832K, capacity 21208K, committed 21552K, reserved 1069056K
  class space    used 1711K, capacity 1868K, committed 1920K, reserved 1048576K
}

